{"C:\\code\\santrikoding\\backend-express\\index.js": {"path":"C:\\code\\santrikoding\\backend-express\\index.js","statementMap":{"0":{"start":{"line":1,"column":16},"end":{"line":1,"column":34}},"1":{"start":{"line":2,"column":13},"end":{"line":2,"column":28}},"2":{"start":{"line":3,"column":19},"end":{"line":3,"column":41}},"3":{"start":{"line":4,"column":12},"end":{"line":4,"column":21}},"4":{"start":{"line":7,"column":15},"end":{"line":7,"column":34}},"5":{"start":{"line":9,"column":0},"end":{"line":9,"column":16}},"6":{"start":{"line":10,"column":0},"end":{"line":10,"column":52}},"7":{"start":{"line":11,"column":0},"end":{"line":11,"column":27}},"8":{"start":{"line":14,"column":0},"end":{"line":14,"column":27}},"9":{"start":{"line":16,"column":0},"end":{"line":18,"column":3}},"10":{"start":{"line":17,"column":2},"end":{"line":17,"column":39}},"11":{"start":{"line":22,"column":0},"end":{"line":22,"column":21}}},"fnMap":{"0":{"name":"(anonymous_0)","decl":{"start":{"line":16,"column":13},"end":{"line":16,"column":14}},"loc":{"start":{"line":16,"column":27},"end":{"line":18,"column":1}},"line":16}},"branchMap":{},"s":{"0":3,"1":3,"2":3,"3":3,"4":3,"5":3,"6":3,"7":3,"8":3,"9":3,"10":0,"11":3},"f":{"0":0},"b":{},"_coverageSchema":"1a1c01bbd47fc00a2c39e90264f33305004495a9","hash":"a65b93479505183786129e5e460b0a9d9be45eac"}
,"C:\\code\\santrikoding\\backend-express\\controllers\\LoginController.js": {"path":"C:\\code\\santrikoding\\backend-express\\controllers\\LoginController.js","statementMap":{"0":{"start":{"line":2,"column":16},"end":{"line":2,"column":34}},"1":{"start":{"line":5,"column":29},"end":{"line":5,"column":57}},"2":{"start":{"line":8,"column":15},"end":{"line":8,"column":34}},"3":{"start":{"line":11,"column":12},"end":{"line":11,"column":35}},"4":{"start":{"line":14,"column":15},"end":{"line":14,"column":42}},"5":{"start":{"line":15,"column":21},"end":{"line":15,"column":34}},"6":{"start":{"line":18,"column":14},"end":{"line":88,"column":1}},"7":{"start":{"line":20,"column":17},"end":{"line":20,"column":38}},"8":{"start":{"line":22,"column":2},"end":{"line":29,"column":3}},"9":{"start":{"line":24,"column":4},"end":{"line":28,"column":7}},"10":{"start":{"line":31,"column":2},"end":{"line":87,"column":3}},"11":{"start":{"line":33,"column":17},"end":{"line":43,"column":6}},"12":{"start":{"line":46,"column":4},"end":{"line":50,"column":9}},"13":{"start":{"line":47,"column":6},"end":{"line":50,"column":9}},"14":{"start":{"line":53,"column":26},"end":{"line":56,"column":5}},"15":{"start":{"line":59,"column":4},"end":{"line":63,"column":9}},"16":{"start":{"line":60,"column":6},"end":{"line":63,"column":9}},"17":{"start":{"line":66,"column":18},"end":{"line":68,"column":6}},"18":{"start":{"line":71,"column":49},"end":{"line":71,"column":53}},"19":{"start":{"line":74,"column":4},"end":{"line":81,"column":7}},"20":{"start":{"line":83,"column":4},"end":{"line":86,"column":7}},"21":{"start":{"line":90,"column":18},"end":{"line":98,"column":1}},"22":{"start":{"line":91,"column":22},"end":{"line":91,"column":30}},"23":{"start":{"line":94,"column":2},"end":{"line":97,"column":5}},"24":{"start":{"line":100,"column":0},"end":{"line":100,"column":38}}},"fnMap":{"0":{"name":"(anonymous_0)","decl":{"start":{"line":18,"column":14},"end":{"line":18,"column":15}},"loc":{"start":{"line":18,"column":34},"end":{"line":88,"column":1}},"line":18},"1":{"name":"(anonymous_1)","decl":{"start":{"line":90,"column":18},"end":{"line":90,"column":19}},"loc":{"start":{"line":90,"column":38},"end":{"line":98,"column":1}},"line":90}},"branchMap":{"0":{"loc":{"start":{"line":22,"column":2},"end":{"line":29,"column":3}},"type":"if","locations":[{"start":{"line":22,"column":2},"end":{"line":29,"column":3}},{"start":{},"end":{}}],"line":22},"1":{"loc":{"start":{"line":46,"column":4},"end":{"line":50,"column":9}},"type":"if","locations":[{"start":{"line":46,"column":4},"end":{"line":50,"column":9}},{"start":{},"end":{}}],"line":46},"2":{"loc":{"start":{"line":59,"column":4},"end":{"line":63,"column":9}},"type":"if","locations":[{"start":{"line":59,"column":4},"end":{"line":63,"column":9}},{"start":{},"end":{}}],"line":59}},"s":{"0":3,"1":3,"2":3,"3":3,"4":3,"5":3,"6":3,"7":6,"8":6,"9":0,"10":6,"11":6,"12":6,"13":1,"14":5,"15":5,"16":1,"17":4,"18":4,"19":4,"20":0,"21":3,"22":1,"23":1,"24":3},"f":{"0":6,"1":1},"b":{"0":[0,6],"1":[1,5],"2":[1,4]},"_coverageSchema":"1a1c01bbd47fc00a2c39e90264f33305004495a9","hash":"0f3ea1eaa98a0159271817c382f7a2a01476adc5"}
,"C:\\code\\santrikoding\\backend-express\\controllers\\RegisterController.js": {"path":"C:\\code\\santrikoding\\backend-express\\controllers\\RegisterController.js","statementMap":{"0":{"start":{"line":2,"column":16},"end":{"line":2,"column":34}},"1":{"start":{"line":5,"column":29},"end":{"line":5,"column":57}},"2":{"start":{"line":8,"column":15},"end":{"line":8,"column":34}},"3":{"start":{"line":11,"column":15},"end":{"line":11,"column":42}},"4":{"start":{"line":14,"column":17},"end":{"line":52,"column":1}},"5":{"start":{"line":16,"column":17},"end":{"line":16,"column":38}},"6":{"start":{"line":18,"column":2},"end":{"line":25,"column":3}},"7":{"start":{"line":20,"column":4},"end":{"line":24,"column":7}},"8":{"start":{"line":28,"column":25},"end":{"line":28,"column":65}},"9":{"start":{"line":30,"column":2},"end":{"line":51,"column":3}},"10":{"start":{"line":32,"column":17},"end":{"line":38,"column":6}},"11":{"start":{"line":41,"column":4},"end":{"line":45,"column":7}},"12":{"start":{"line":47,"column":4},"end":{"line":50,"column":7}},"13":{"start":{"line":54,"column":0},"end":{"line":54,"column":30}}},"fnMap":{"0":{"name":"(anonymous_0)","decl":{"start":{"line":14,"column":17},"end":{"line":14,"column":18}},"loc":{"start":{"line":14,"column":37},"end":{"line":52,"column":1}},"line":14}},"branchMap":{"0":{"loc":{"start":{"line":18,"column":2},"end":{"line":25,"column":3}},"type":"if","locations":[{"start":{"line":18,"column":2},"end":{"line":25,"column":3}},{"start":{},"end":{}}],"line":18}},"s":{"0":3,"1":3,"2":3,"3":3,"4":3,"5":3,"6":3,"7":2,"8":1,"9":1,"10":1,"11":1,"12":0,"13":3},"f":{"0":3},"b":{"0":[2,1]},"_coverageSchema":"1a1c01bbd47fc00a2c39e90264f33305004495a9","hash":"b0c78d60232b07f48d7f3fda93d954347c643418"}
,"C:\\code\\santrikoding\\backend-express\\controllers\\UserController.js": {"path":"C:\\code\\santrikoding\\backend-express\\controllers\\UserController.js","statementMap":{"0":{"start":{"line":2,"column":16},"end":{"line":2,"column":34}},"1":{"start":{"line":5,"column":29},"end":{"line":5,"column":57}},"2":{"start":{"line":8,"column":15},"end":{"line":8,"column":34}},"3":{"start":{"line":11,"column":12},"end":{"line":11,"column":35}},"4":{"start":{"line":14,"column":15},"end":{"line":14,"column":42}},"5":{"start":{"line":16,"column":18},"end":{"line":41,"column":1}},"6":{"start":{"line":17,"column":2},"end":{"line":40,"column":3}},"7":{"start":{"line":19,"column":18},"end":{"line":28,"column":6}},"8":{"start":{"line":30,"column":4},"end":{"line":34,"column":7}},"9":{"start":{"line":36,"column":4},"end":{"line":39,"column":7}},"10":{"start":{"line":43,"column":21},"end":{"line":70,"column":1}},"11":{"start":{"line":44,"column":2},"end":{"line":69,"column":3}},"12":{"start":{"line":46,"column":17},"end":{"line":55,"column":6}},"13":{"start":{"line":57,"column":4},"end":{"line":62,"column":7}},"14":{"start":{"line":64,"column":4},"end":{"line":68,"column":7}},"15":{"start":{"line":72,"column":19},"end":{"line":107,"column":1}},"16":{"start":{"line":73,"column":17},"end":{"line":73,"column":38}},"17":{"start":{"line":75,"column":2},"end":{"line":81,"column":3}},"18":{"start":{"line":76,"column":4},"end":{"line":80,"column":7}},"19":{"start":{"line":83,"column":25},"end":{"line":83,"column":65}},"20":{"start":{"line":85,"column":2},"end":{"line":106,"column":3}},"21":{"start":{"line":86,"column":17},"end":{"line":92,"column":6}},"22":{"start":{"line":94,"column":4},"end":{"line":99,"column":7}},"23":{"start":{"line":101,"column":4},"end":{"line":105,"column":7}},"24":{"start":{"line":109,"column":19},"end":{"line":146,"column":1}},"25":{"start":{"line":110,"column":17},"end":{"line":110,"column":27}},"26":{"start":{"line":111,"column":17},"end":{"line":111,"column":38}},"27":{"start":{"line":113,"column":2},"end":{"line":119,"column":3}},"28":{"start":{"line":114,"column":4},"end":{"line":118,"column":7}},"29":{"start":{"line":121,"column":25},"end":{"line":121,"column":65}},"30":{"start":{"line":123,"column":2},"end":{"line":145,"column":3}},"31":{"start":{"line":124,"column":17},"end":{"line":133,"column":6}},"32":{"start":{"line":135,"column":4},"end":{"line":139,"column":7}},"33":{"start":{"line":141,"column":4},"end":{"line":144,"column":7}},"34":{"start":{"line":148,"column":19},"end":{"line":167,"column":1}},"35":{"start":{"line":149,"column":2},"end":{"line":166,"column":3}},"36":{"start":{"line":150,"column":17},"end":{"line":154,"column":6}},"37":{"start":{"line":156,"column":4},"end":{"line":160,"column":7}},"38":{"start":{"line":162,"column":4},"end":{"line":165,"column":7}},"39":{"start":{"line":169,"column":0},"end":{"line":175,"column":2}}},"fnMap":{"0":{"name":"(anonymous_0)","decl":{"start":{"line":16,"column":18},"end":{"line":16,"column":19}},"loc":{"start":{"line":16,"column":38},"end":{"line":41,"column":1}},"line":16},"1":{"name":"(anonymous_1)","decl":{"start":{"line":43,"column":21},"end":{"line":43,"column":22}},"loc":{"start":{"line":43,"column":41},"end":{"line":70,"column":1}},"line":43},"2":{"name":"(anonymous_2)","decl":{"start":{"line":72,"column":19},"end":{"line":72,"column":20}},"loc":{"start":{"line":72,"column":39},"end":{"line":107,"column":1}},"line":72},"3":{"name":"(anonymous_3)","decl":{"start":{"line":109,"column":19},"end":{"line":109,"column":20}},"loc":{"start":{"line":109,"column":39},"end":{"line":146,"column":1}},"line":109},"4":{"name":"(anonymous_4)","decl":{"start":{"line":148,"column":19},"end":{"line":148,"column":20}},"loc":{"start":{"line":148,"column":39},"end":{"line":167,"column":1}},"line":148}},"branchMap":{"0":{"loc":{"start":{"line":75,"column":2},"end":{"line":81,"column":3}},"type":"if","locations":[{"start":{"line":75,"column":2},"end":{"line":81,"column":3}},{"start":{},"end":{}}],"line":75},"1":{"loc":{"start":{"line":113,"column":2},"end":{"line":119,"column":3}},"type":"if","locations":[{"start":{"line":113,"column":2},"end":{"line":119,"column":3}},{"start":{},"end":{}}],"line":113}},"s":{"0":3,"1":3,"2":3,"3":3,"4":3,"5":3,"6":1,"7":1,"8":1,"9":0,"10":3,"11":2,"12":2,"13":1,"14":1,"15":3,"16":0,"17":0,"18":0,"19":0,"20":0,"21":0,"22":0,"23":0,"24":3,"25":0,"26":0,"27":0,"28":0,"29":0,"30":0,"31":0,"32":0,"33":0,"34":3,"35":0,"36":0,"37":0,"38":0,"39":3},"f":{"0":1,"1":2,"2":0,"3":0,"4":0},"b":{"0":[0,0],"1":[0,0]},"_coverageSchema":"1a1c01bbd47fc00a2c39e90264f33305004495a9","hash":"6301a305c3e7bb2aeee6cb4f8036488fc47d99ea"}
,"C:\\code\\santrikoding\\backend-express\\middleware\\auth.js": {"path":"C:\\code\\santrikoding\\backend-express\\middleware\\auth.js","statementMap":{"0":{"start":{"line":2,"column":16},"end":{"line":2,"column":34}},"1":{"start":{"line":5,"column":12},"end":{"line":5,"column":35}},"2":{"start":{"line":7,"column":20},"end":{"line":28,"column":1}},"3":{"start":{"line":9,"column":16},"end":{"line":9,"column":44}},"4":{"start":{"line":10,"column":2},"end":{"line":15,"column":7}},"5":{"start":{"line":11,"column":4},"end":{"line":15,"column":7}},"6":{"start":{"line":18,"column":2},"end":{"line":27,"column":5}},"7":{"start":{"line":19,"column":4},"end":{"line":24,"column":9}},"8":{"start":{"line":20,"column":6},"end":{"line":24,"column":9}},"9":{"start":{"line":25,"column":4},"end":{"line":25,"column":28}},"10":{"start":{"line":26,"column":4},"end":{"line":26,"column":11}},"11":{"start":{"line":30,"column":0},"end":{"line":30,"column":29}}},"fnMap":{"0":{"name":"(anonymous_0)","decl":{"start":{"line":7,"column":20},"end":{"line":7,"column":21}},"loc":{"start":{"line":7,"column":40},"end":{"line":28,"column":1}},"line":7},"1":{"name":"(anonymous_1)","decl":{"start":{"line":18,"column":44},"end":{"line":18,"column":45}},"loc":{"start":{"line":18,"column":62},"end":{"line":27,"column":3}},"line":18}},"branchMap":{"0":{"loc":{"start":{"line":10,"column":2},"end":{"line":15,"column":7}},"type":"if","locations":[{"start":{"line":10,"column":2},"end":{"line":15,"column":7}},{"start":{},"end":{}}],"line":10},"1":{"loc":{"start":{"line":19,"column":4},"end":{"line":24,"column":9}},"type":"if","locations":[{"start":{"line":19,"column":4},"end":{"line":24,"column":9}},{"start":{},"end":{}}],"line":19}},"s":{"0":3,"1":3,"2":3,"3":7,"4":7,"5":2,"6":5,"7":5,"8":2,"9":3,"10":3,"11":3},"f":{"0":7,"1":5},"b":{"0":[2,5],"1":[2,3]},"_coverageSchema":"1a1c01bbd47fc00a2c39e90264f33305004495a9","hash":"6ab357f001a927ca161424e1eae8cf534937f096"}
,"C:\\code\\santrikoding\\backend-express\\prisma\\client\\index.js": {"path":"C:\\code\\santrikoding\\backend-express\\prisma\\client\\index.js","statementMap":{"0":{"start":{"line":1,"column":25},"end":{"line":1,"column":50}},"1":{"start":{"line":3,"column":15},"end":{"line":3,"column":33}},"2":{"start":{"line":5,"column":0},"end":{"line":5,"column":24}}},"fnMap":{},"branchMap":{},"s":{"0":3,"1":3,"2":3},"f":{},"b":{},"_coverageSchema":"1a1c01bbd47fc00a2c39e90264f33305004495a9","hash":"0010d7c00a734fdf6fcd50cd355a075e28e400f7"}
,"C:\\code\\santrikoding\\backend-express\\routes\\index.js": {"path":"C:\\code\\santrikoding\\backend-express\\routes\\index.js","statementMap":{"0":{"start":{"line":2,"column":16},"end":{"line":2,"column":34}},"1":{"start":{"line":5,"column":15},"end":{"line":5,"column":31}},"2":{"start":{"line":8,"column":20},"end":{"line":8,"column":49}},"3":{"start":{"line":11,"column":44},"end":{"line":11,"column":79}},"4":{"start":{"line":13,"column":25},"end":{"line":13,"column":60}},"5":{"start":{"line":16,"column":27},"end":{"line":16,"column":71}},"6":{"start":{"line":17,"column":24},"end":{"line":17,"column":65}},"7":{"start":{"line":18,"column":23},"end":{"line":18,"column":63}},"8":{"start":{"line":21,"column":0},"end":{"line":21,"column":72}},"9":{"start":{"line":22,"column":0},"end":{"line":22,"column":60}},"10":{"start":{"line":23,"column":0},"end":{"line":23,"column":69}},"11":{"start":{"line":24,"column":0},"end":{"line":24,"column":66}},"12":{"start":{"line":25,"column":0},"end":{"line":30,"column":2}},"13":{"start":{"line":31,"column":0},"end":{"line":36,"column":2}},"14":{"start":{"line":37,"column":0},"end":{"line":42,"column":2}},"15":{"start":{"line":43,"column":0},"end":{"line":43,"column":74}},"16":{"start":{"line":46,"column":0},"end":{"line":46,"column":24}}},"fnMap":{},"branchMap":{},"s":{"0":3,"1":3,"2":3,"3":3,"4":3,"5":3,"6":3,"7":3,"8":3,"9":3,"10":3,"11":3,"12":3,"13":3,"14":3,"15":3,"16":3},"f":{},"b":{},"_coverageSchema":"1a1c01bbd47fc00a2c39e90264f33305004495a9","hash":"128173c6a5a9314bcea591569349ae197683345e"}
,"C:\\code\\santrikoding\\backend-express\\utils\\fake_user.js": {"path":"C:\\code\\santrikoding\\backend-express\\utils\\fake_user.js","statementMap":{"0":{"start":{"line":1,"column":18},"end":{"line":1,"column":44}},"1":{"start":{"line":4,"column":2},"end":{"line":8,"column":4}},"2":{"start":{"line":11,"column":0},"end":{"line":11,"column":34}}},"fnMap":{"0":{"name":"generateUser","decl":{"start":{"line":3,"column":9},"end":{"line":3,"column":21}},"loc":{"start":{"line":3,"column":24},"end":{"line":9,"column":1}},"line":3}},"branchMap":{},"s":{"0":2,"1":3,"2":2},"f":{"0":3},"b":{},"_coverageSchema":"1a1c01bbd47fc00a2c39e90264f33305004495a9","hash":"b60e0206cd52762b355932a35d37ad2f28bf0ac5"}
,"C:\\code\\santrikoding\\backend-express\\utils\\login.js": {"path":"C:\\code\\santrikoding\\backend-express\\utils\\login.js","statementMap":{"0":{"start":{"line":1,"column":16},"end":{"line":1,"column":36}},"1":{"start":{"line":2,"column":12},"end":{"line":2,"column":31}},"2":{"start":{"line":5,"column":19},"end":{"line":11,"column":38}},"3":{"start":{"line":13,"column":2},"end":{"line":13,"column":35}},"4":{"start":{"line":15,"column":2},"end":{"line":15,"column":15}},"5":{"start":{"line":18,"column":0},"end":{"line":18,"column":26}}},"fnMap":{"0":{"name":"getToken","decl":{"start":{"line":4,"column":15},"end":{"line":4,"column":23}},"loc":{"start":{"line":4,"column":26},"end":{"line":16,"column":1}},"line":4}},"branchMap":{},"s":{"0":1,"1":1,"2":3,"3":3,"4":3,"5":1},"f":{"0":3},"b":{},"_coverageSchema":"1a1c01bbd47fc00a2c39e90264f33305004495a9","hash":"fe99e16ac8e5faa4dd712b437dd740bd3edbf3de"}
,"C:\\code\\santrikoding\\backend-express\\utils\\updateEnv.js": {"path":"C:\\code\\santrikoding\\backend-express\\utils\\updateEnv.js","statementMap":{"0":{"start":{"line":1,"column":11},"end":{"line":1,"column":24}},"1":{"start":{"line":2,"column":13},"end":{"line":2,"column":28}},"2":{"start":{"line":10,"column":18},"end":{"line":10,"column":57}},"3":{"start":{"line":12,"column":12},"end":{"line":12,"column":56}},"4":{"start":{"line":14,"column":2},"end":{"line":19,"column":5}},"5":{"start":{"line":15,"column":4},"end":{"line":15,"column":67}},"6":{"start":{"line":15,"column":34},"end":{"line":15,"column":67}},"7":{"start":{"line":16,"column":4},"end":{"line":16,"column":70}},"8":{"start":{"line":16,"column":35},"end":{"line":16,"column":70}},"9":{"start":{"line":17,"column":4},"end":{"line":17,"column":79}},"10":{"start":{"line":17,"column":38},"end":{"line":17,"column":79}},"11":{"start":{"line":18,"column":4},"end":{"line":18,"column":16}},"12":{"start":{"line":21,"column":2},"end":{"line":21,"column":52}},"13":{"start":{"line":24,"column":0},"end":{"line":24,"column":43}}},"fnMap":{"0":{"name":"updateEnvWithUserData","decl":{"start":{"line":9,"column":9},"end":{"line":9,"column":30}},"loc":{"start":{"line":9,"column":59},"end":{"line":22,"column":1}},"line":9},"1":{"name":"(anonymous_1)","decl":{"start":{"line":14,"column":16},"end":{"line":14,"column":17}},"loc":{"start":{"line":14,"column":26},"end":{"line":19,"column":3}},"line":14}},"branchMap":{"0":{"loc":{"start":{"line":9,"column":37},"end":{"line":9,"column":57}},"type":"default-arg","locations":[{"start":{"line":9,"column":51},"end":{"line":9,"column":57}}],"line":9},"1":{"loc":{"start":{"line":15,"column":4},"end":{"line":15,"column":67}},"type":"if","locations":[{"start":{"line":15,"column":4},"end":{"line":15,"column":67}},{"start":{},"end":{}}],"line":15},"2":{"loc":{"start":{"line":15,"column":49},"end":{"line":15,"column":64}},"type":"binary-expr","locations":[{"start":{"line":15,"column":49},"end":{"line":15,"column":58}},{"start":{"line":15,"column":62},"end":{"line":15,"column":64}}],"line":15},"3":{"loc":{"start":{"line":16,"column":4},"end":{"line":16,"column":70}},"type":"if","locations":[{"start":{"line":16,"column":4},"end":{"line":16,"column":70}},{"start":{},"end":{}}],"line":16},"4":{"loc":{"start":{"line":16,"column":51},"end":{"line":16,"column":67}},"type":"binary-expr","locations":[{"start":{"line":16,"column":51},"end":{"line":16,"column":61}},{"start":{"line":16,"column":65},"end":{"line":16,"column":67}}],"line":16},"5":{"loc":{"start":{"line":17,"column":4},"end":{"line":17,"column":79}},"type":"if","locations":[{"start":{"line":17,"column":4},"end":{"line":17,"column":79}},{"start":{},"end":{}}],"line":17},"6":{"loc":{"start":{"line":17,"column":57},"end":{"line":17,"column":76}},"type":"binary-expr","locations":[{"start":{"line":17,"column":57},"end":{"line":17,"column":70}},{"start":{"line":17,"column":74},"end":{"line":17,"column":76}}],"line":17}},"s":{"0":1,"1":1,"2":1,"3":1,"4":1,"5":9,"6":1,"7":8,"8":1,"9":7,"10":1,"11":6,"12":1,"13":1},"f":{"0":1,"1":9},"b":{"0":[1],"1":[1,8],"2":[1,0],"3":[1,7],"4":[1,0],"5":[1,6],"6":[1,0]},"_coverageSchema":"1a1c01bbd47fc00a2c39e90264f33305004495a9","hash":"fb1b3de70a648369eadfa08d300f4f7beb7e3dee"}
,"C:\\code\\santrikoding\\backend-express\\utils\\validators\\auth.js": {"path":"C:\\code\\santrikoding\\backend-express\\utils\\validators\\auth.js","statementMap":{"0":{"start":{"line":2,"column":17},"end":{"line":2,"column":45}},"1":{"start":{"line":5,"column":15},"end":{"line":5,"column":45}},"2":{"start":{"line":8,"column":25},"end":{"line":29,"column":1}},"3":{"start":{"line":17,"column":6},"end":{"line":19,"column":7}},"4":{"start":{"line":18,"column":8},"end":{"line":18,"column":45}},"5":{"start":{"line":20,"column":19},"end":{"line":20,"column":76}},"6":{"start":{"line":21,"column":6},"end":{"line":23,"column":7}},"7":{"start":{"line":22,"column":8},"end":{"line":22,"column":48}},"8":{"start":{"line":24,"column":6},"end":{"line":24,"column":18}},"9":{"start":{"line":32,"column":22},"end":{"line":40,"column":1}},"10":{"start":{"line":42,"column":0},"end":{"line":42,"column":53}}},"fnMap":{"0":{"name":"(anonymous_0)","decl":{"start":{"line":16,"column":12},"end":{"line":16,"column":13}},"loc":{"start":{"line":16,"column":29},"end":{"line":25,"column":5}},"line":16}},"branchMap":{"0":{"loc":{"start":{"line":17,"column":6},"end":{"line":19,"column":7}},"type":"if","locations":[{"start":{"line":17,"column":6},"end":{"line":19,"column":7}},{"start":{},"end":{}}],"line":17},"1":{"loc":{"start":{"line":21,"column":6},"end":{"line":23,"column":7}},"type":"if","locations":[{"start":{"line":21,"column":6},"end":{"line":23,"column":7}},{"start":{},"end":{}}],"line":21}},"s":{"0":3,"1":3,"2":3,"3":3,"4":0,"5":3,"6":3,"7":1,"8":2,"9":3,"10":3},"f":{"0":3},"b":{"0":[0,3],"1":[1,2]},"_coverageSchema":"1a1c01bbd47fc00a2c39e90264f33305004495a9","hash":"1b21d6d4876d1ee27cd5ca83ebe25861c74696ef"}
,"C:\\code\\santrikoding\\backend-express\\utils\\validators\\user.js": {"path":"C:\\code\\santrikoding\\backend-express\\utils\\validators\\user.js","statementMap":{"0":{"start":{"line":2,"column":17},"end":{"line":2,"column":45}},"1":{"start":{"line":5,"column":15},"end":{"line":5,"column":45}},"2":{"start":{"line":8,"column":21},"end":{"line":31,"column":1}},"3":{"start":{"line":16,"column":6},"end":{"line":18,"column":7}},"4":{"start":{"line":17,"column":8},"end":{"line":17,"column":45}},"5":{"start":{"line":19,"column":19},"end":{"line":19,"column":76}},"6":{"start":{"line":20,"column":6},"end":{"line":22,"column":7}},"7":{"start":{"line":21,"column":8},"end":{"line":21,"column":48}},"8":{"start":{"line":23,"column":6},"end":{"line":23,"column":18}},"9":{"start":{"line":33,"column":0},"end":{"line":33,"column":34}}},"fnMap":{"0":{"name":"(anonymous_0)","decl":{"start":{"line":15,"column":12},"end":{"line":15,"column":13}},"loc":{"start":{"line":15,"column":38},"end":{"line":24,"column":5}},"line":15}},"branchMap":{"0":{"loc":{"start":{"line":16,"column":6},"end":{"line":18,"column":7}},"type":"if","locations":[{"start":{"line":16,"column":6},"end":{"line":18,"column":7}},{"start":{},"end":{}}],"line":16},"1":{"loc":{"start":{"line":20,"column":6},"end":{"line":22,"column":7}},"type":"if","locations":[{"start":{"line":20,"column":6},"end":{"line":22,"column":7}},{"start":{},"end":{}}],"line":20},"2":{"loc":{"start":{"line":20,"column":10},"end":{"line":20,"column":51}},"type":"binary-expr","locations":[{"start":{"line":20,"column":10},"end":{"line":20,"column":14}},{"start":{"line":20,"column":18},"end":{"line":20,"column":51}}],"line":20}},"s":{"0":3,"1":3,"2":3,"3":2,"4":2,"5":0,"6":0,"7":0,"8":0,"9":3},"f":{"0":2},"b":{"0":[2,0],"1":[0,0],"2":[0,0]},"_coverageSchema":"1a1c01bbd47fc00a2c39e90264f33305004495a9","hash":"a3c30c8bce4a4c43465332ce6ea614a7f035b4e8"}
}
